<?xml version="1.0" encoding="UTF-8"?>
<!-- Generated by org.testng.reporters.JUnitReportReporter -->
<testsuite hostname="DESKTOP-OL1LEDH" failures="0" tests="4" name="groups.ClassLevelExecution" time="0.033" errors="0" timestamp="2023-03-28T20:18:36 IST" skipped="0">
  <testcase classname="groups.ClassLevelExecution" name="test6" time="0.007"/>
  <system-out/>
  <testcase classname="groups.ClassLevelExecution" name="test5" time="0.020"/>
  <system-out/>
  <testcase classname="groups.ClassLevelExecution" name="test7" time="0.004"/>
  <system-out/>
  <testcase classname="groups.ClassLevelExecution" name="test8" time="0.002"/>
  <system-out/>
</testsuite> <!-- groups.ClassLevelExecution -->
