<?xml version="1.0" encoding="UTF-8"?>
<!-- Generated by org.testng.reporters.JUnitReportReporter -->
<testsuite hostname="DESKTOP-OL1LEDH" failures="0" tests="2" name="Annotations.Annotations" time="0.017" errors="0" timestamp="2023-03-28T02:53:29 IST" skipped="0">
  <testcase classname="Annotations.Annotations" name="test1" time="0.013"/>
  <system-out/>
  <testcase classname="Annotations.Annotations" name="test2" time="0.004"/>
  <system-out/>
</testsuite> <!-- Annotations.Annotations -->
