<?xml version="1.0" encoding="UTF-8"?>
<!-- Generated by org.testng.reporters.JUnitReportReporter -->
<testsuite hostname="DESKTOP-OL1LEDH" failures="0" tests="2" name="testNGAnnotations.Group" time="0.022" errors="0" timestamp="2023-03-26T01:24:09 IST" skipped="0">
  <testcase classname="testNGAnnotations.Group" name="FirstName2" time="0.002"/>
  <system-out/>
  <testcase classname="testNGAnnotations.Group" name="FirstName1" time="0.020"/>
  <system-out/>
</testsuite> <!-- testNGAnnotations.Group -->
