<?xml version="1.0" encoding="UTF-8"?>
<!-- Generated by org.testng.reporters.JUnitReportReporter -->
<testsuite hostname="DESKTOP-OL1LEDH" failures="0" tests="2" name="testNGAnnotations.Annotations" time="0.006" errors="0" timestamp="2023-03-26T00:43:58 IST" skipped="0">
  <testcase classname="testNGAnnotations.Annotations" name="test2" time="0.004"/>
  <system-out/>
  <testcase classname="testNGAnnotations.Annotations" name="test1" time="0.002"/>
  <system-out/>
</testsuite> <!-- testNGAnnotations.Annotations -->
