<?xml version="1.0" encoding="UTF-8"?>
<!-- Generated by org.testng.reporters.JUnitReportReporter -->
<testsuite hostname="DESKTOP-OL1LEDH" failures="0" tests="6" name="testNGAnnotations.GroupRegExp" time="0.034" errors="0" timestamp="2023-03-26T01:45:48 IST" skipped="0">
  <testcase classname="testNGAnnotations.GroupRegExp" name="FirstName1" time="0.022"/>
  <system-out/>
  <testcase classname="testNGAnnotations.GroupRegExp" name="FirstName4" time="0.004"/>
  <system-out/>
  <testcase classname="testNGAnnotations.GroupRegExp" name="FirstName3" time="0.002"/>
  <system-out/>
  <testcase classname="testNGAnnotations.GroupRegExp" name="FirstName2" time="0.002"/>
  <system-out/>
  <testcase classname="testNGAnnotations.GroupRegExp" name="FirstName6" time="0.002"/>
  <system-out/>
  <testcase classname="testNGAnnotations.GroupRegExp" name="FirstName5" time="0.002"/>
  <system-out/>
</testsuite> <!-- testNGAnnotations.GroupRegExp -->
