<?xml version="1.0" encoding="UTF-8"?>
<!-- Generated by org.testng.reporters.JUnitReportReporter -->
<testsuite hostname="DESKTOP-OL1LEDH" failures="0" tests="3" name="groups.GroupingRegularExpression" time="0.027" errors="0" timestamp="2023-03-28T19:56:05 IST" skipped="0">
  <testcase classname="groups.GroupingRegularExpression" name="test8" time="0.002"/>
  <system-out/>
  <testcase classname="groups.GroupingRegularExpression" name="test7" time="0.004"/>
  <system-out/>
  <testcase classname="groups.GroupingRegularExpression" name="test6" time="0.021"/>
  <system-out/>
</testsuite> <!-- groups.GroupingRegularExpression -->
