<?xml version="1.0" encoding="UTF-8"?>
<!-- Generated by org.testng.reporters.JUnitReportReporter -->
<testsuite hostname="DESKTOP-OL1LEDH" failures="0" tests="4" name="groups.MetaGroup" time="0.032" errors="0" timestamp="2023-03-28T19:27:11 IST" skipped="0">
  <testcase classname="groups.MetaGroup" name="FirstName1" time="0.002"/>
  <system-out/>
  <testcase classname="groups.MetaGroup" name="FirstName3" time="0.003"/>
  <system-out/>
  <testcase classname="groups.MetaGroup" name="FirstName" time="0.022"/>
  <system-out/>
  <testcase classname="groups.MetaGroup" name="FirstName2" time="0.005"/>
  <system-out/>
</testsuite> <!-- groups.MetaGroup -->
