<?xml version="1.0" encoding="UTF-8"?>
<!-- Generated by org.testng.reporters.JUnitReportReporter -->
<testsuite hostname="DESKTOP-OL1LEDH" failures="0" tests="4" name="testNGAnnotations.MetaGroup" time="0.032" errors="0" timestamp="2023-03-26T01:34:02 IST" skipped="0">
  <testcase classname="testNGAnnotations.MetaGroup" name="FirstName1" time="0.005"/>
  <system-out/>
  <testcase classname="testNGAnnotations.MetaGroup" name="FirstName3" time="0.005"/>
  <system-out/>
  <testcase classname="testNGAnnotations.MetaGroup" name="FirstName" time="0.019"/>
  <system-out/>
  <testcase classname="testNGAnnotations.MetaGroup" name="FirstName2" time="0.003"/>
  <system-out/>
</testsuite> <!-- testNGAnnotations.MetaGroup -->
