<?xml version="1.0" encoding="UTF-8"?>
<!-- Generated by org.testng.reporters.JUnitReportReporter -->
<testsuite hostname="DESKTOP-OL1LEDH" failures="0" tests="3" name="groups.Group" time="0.020" errors="0" timestamp="2023-03-28T02:17:18 IST" skipped="0">
  <testcase classname="groups.Group" name="FirstName1" time="0.016"/>
  <system-out/>
  <testcase classname="groups.Group" name="FirstName4" time="0.002"/>
  <system-out/>
  <testcase classname="groups.Group" name="FirstName2" time="0.002"/>
  <system-out/>
</testsuite> <!-- groups.Group -->
