<?xml version="1.0" encoding="UTF-8"?>
<!-- Generated by org.testng.reporters.JUnitReportReporter -->
<testsuite hostname="DESKTOP-OL1LEDH" failures="0" tests="5" name="testNGAnnotations.PriorityKeywordInTestNg" time="2.044" errors="0" timestamp="2023-03-26T00:43:58 IST" skipped="0">
  <testcase classname="testNGAnnotations.PriorityKeywordInTestNg" name="abc" time="0.002"/>
  <system-out/>
  <testcase classname="testNGAnnotations.PriorityKeywordInTestNg" name="def" time="0.003"/>
  <system-out/>
  <testcase classname="testNGAnnotations.PriorityKeywordInTestNg" name="ghi" time="2.026"/>
  <system-out/>
  <testcase classname="testNGAnnotations.PriorityKeywordInTestNg" name="jkl" time="0.005"/>
  <system-out/>
  <testcase classname="testNGAnnotations.PriorityKeywordInTestNg" name="mno" time="0.008"/>
  <system-out/>
</testsuite> <!-- testNGAnnotations.PriorityKeywordInTestNg -->
