<?xml version="1.0" encoding="UTF-8"?>
<!-- Generated by org.testng.reporters.JUnitReportReporter -->
<testsuite hostname="DESKTOP-OL1LEDH" failures="0" tests="2" name="testNGAnnotations.BasicAnnotations" time="0.025" errors="0" timestamp="2023-03-26T00:43:58 IST" skipped="0">
  <testcase classname="testNGAnnotations.BasicAnnotations" name="FirstName" time="0.016"/>
  <system-out/>
  <testcase classname="testNGAnnotations.BasicAnnotations" name="LastName" time="0.009"/>
  <system-out/>
</testsuite> <!-- testNGAnnotations.BasicAnnotations -->
